<?xml version="1.0" encoding="UTF-8"?>
<!-- Generated by org.testng.reporters.JUnitReportReporter -->
<testsuite hostname="DESKTOP-R1COBD5" failures="0" tests="2" name="ExecuteClass" time="8.574" errors="0" timestamp="2021-06-02T00:21:31 IST" skipped="0">
  <testcase classname="ExecuteClass" name="textcheck" time="5.284"/>
  <system-out/>
  <testcase classname="ExecuteClass" name="testURL" time="3.290"/>
  <system-out/>
</testsuite> <!-- ExecuteClass -->
