<?xml version="1.0" encoding="UTF-8"?>
<!-- Generated by org.testng.reporters.JUnitReportReporter -->
<testsuite hostname="DESKTOP-R1COBD5" failures="0" tests="3" name="TestClass" time="0.016" errors="0" timestamp="2021-06-02T21:54:12 IST" skipped="0">
  <testcase classname="TestClass" name="test2" time="0.008"/>
  <system-out/>
  <testcase classname="TestClass" name="test1" time="0.005"/>
  <system-out/>
  <testcase classname="TestClass" name="test1" time="0.003"/>
  <system-out/>
</testsuite> <!-- TestClass -->
